# JRE version: Java(TM) SE Runtime Environment (17.0.12+8) (build 17.0.12+8-LTS-286)
# Java VM: Java HotSpot(TM) 64-Bit Server VM (17.0.12+8-LTS-286, mixed mode, sharing, tiered, compressed oops, compressed class ptrs, g1 gc, windows-amd64)
GC Precious Log:
 CPUs: 4 total, 4 available
 Memory: 7886M
 Large Page Support: Disabled
 NUMA Support: Disabled
 Compressed Oops: Enabled (Zero based)
 Heap Region Size: 2M
 Heap Min Capacity: 8M
 Heap Initial Capacity: 124M
 Heap Max Capacity: 4G
 Pre-touch: Disabled
 Parallel Workers: 4
 Concurrent Workers: 1
 Concurrent Refinement Workers: 4
 Periodic GC: Disabled
Heap:
 garbage-first heap   total 169984K, used 102267K [0x0000000700000000, 0x0000000800000000)
  region size 2048K, 13 young (26624K), 3 survivors (6144K)
 Metaspace       used 77686K, committed 78592K, reserved 557056K
  class space    used 10763K, committed 11200K, reserved 425984K
GC Heap History (20 events):
Event: 9.379 GC heap before
{Heap before GC invocations=15 (full 0):
 garbage-first heap   total 108544K, used 90745K [0x0000000700000000, 0x0000000800000000)
  region size 2048K, 23 young (47104K), 4 survivors (8192K)
 Metaspace       used 53712K, committed 54400K, reserved 491520K
  class space    used 7546K, committed 7872K, reserved 425984K
}
Event: 9.386 GC heap after
{Heap after GC invocations=16 (full 0):
 garbage-first heap   total 108544K, used 55052K [0x0000000700000000, 0x0000000800000000)
  region size 2048K, 3 young (6144K), 3 survivors (6144K)
 Metaspace       used 53712K, committed 54400K, reserved 491520K
  class space    used 7546K, committed 7872K, reserved 425984K
}
Event: 9.799 GC heap before
{Heap before GC invocations=16 (full 0):
 garbage-first heap   total 108544K, used 83724K [0x0000000700000000, 0x0000000800000000)
  region size 2048K, 17 young (34816K), 3 survivors (6144K)
 Metaspace       used 56527K, committed 57088K, reserved 491520K
  class space    used 7941K, committed 8192K, reserved 425984K
}
Event: 9.805 GC heap after
{Heap after GC invocations=17 (full 0):
 garbage-first heap   total 108544K, used 56206K [0x0000000700000000, 0x0000000800000000)
  region size 2048K, 1 young (2048K), 1 survivors (2048K)
 Metaspace       used 56527K, committed 57088K, reserved 491520K
  class space    used 7941K, committed 8192K, reserved 425984K
}
Event: 10.224 GC heap before
{Heap before GC invocations=18 (full 0):
 garbage-first heap   total 108544K, used 82830K [0x0000000700000000, 0x0000000800000000)
  region size 2048K, 15 young (30720K), 1 survivors (2048K)
 Metaspace       used 58361K, committed 58944K, reserved 491520K
  class space    used 8184K, committed 8448K, reserved 425984K
}
Event: 10.228 GC heap after
{Heap after GC invocations=19 (full 0):
 garbage-first heap   total 108544K, used 57038K [0x0000000700000000, 0x0000000800000000)
  region size 2048K, 2 young (4096K), 2 survivors (4096K)
 Metaspace       used 58361K, committed 58944K, reserved 491520K
  class space    used 8184K, committed 8448K, reserved 425984K
}
Event: 10.682 GC heap before
{Heap before GC invocations=19 (full 0):
 garbage-first heap   total 108544K, used 85710K [0x0000000700000000, 0x0000000800000000)
  region size 2048K, 16 young (32768K), 2 survivors (4096K)
 Metaspace       used 60945K, committed 61568K, reserved 491520K
  class space    used 8637K, committed 8960K, reserved 425984K
}
Event: 10.687 GC heap after
{Heap after GC invocations=20 (full 0):
 garbage-first heap   total 169984K, used 58105K [0x0000000700000000, 0x0000000800000000)
  region size 2048K, 2 young (4096K), 2 survivors (4096K)
 Metaspace       used 60945K, committed 61568K, reserved 491520K
  class space    used 8637K, committed 8960K, reserved 425984K
}
Event: 12.423 GC heap before
{Heap before GC invocations=21 (full 0):
 garbage-first heap   total 169984K, used 137977K [0x0000000700000000, 0x0000000800000000)
  region size 2048K, 39 young (79872K), 2 survivors (4096K)
 Metaspace       used 64295K, committed 65024K, reserved 491520K
  class space    used 9118K, committed 9472K, reserved 425984K
}
Event: 12.433 GC heap after
{Heap after GC invocations=22 (full 0):
 garbage-first heap   total 169984K, used 67316K [0x0000000700000000, 0x0000000800000000)
  region size 2048K, 4 young (8192K), 4 survivors (8192K)
 Metaspace       used 64295K, committed 65024K, reserved 491520K
  class space    used 9118K, committed 9472K, reserved 425984K
}
Event: 14.234 GC heap before
{Heap before GC invocations=22 (full 0):
 garbage-first heap   total 169984K, used 134900K [0x0000000700000000, 0x0000000800000000)
  region size 2048K, 37 young (75776K), 4 survivors (8192K)
 Metaspace       used 68390K, committed 69184K, reserved 491520K
  class space    used 9691K, committed 10048K, reserved 425984K
}
Event: 14.245 GC heap after
{Heap after GC invocations=23 (full 0):
 garbage-first heap   total 169984K, used 72176K [0x0000000700000000, 0x0000000800000000)
  region size 2048K, 5 young (10240K), 5 survivors (10240K)
 Metaspace       used 68390K, committed 69184K, reserved 491520K
  class space    used 9691K, committed 10048K, reserved 425984K
}
Event: 15.558 GC heap before
{Heap before GC invocations=23 (full 0):
 garbage-first heap   total 169984K, used 133616K [0x0000000700000000, 0x0000000800000000)
  region size 2048K, 36 young (73728K), 5 survivors (10240K)
 Metaspace       used 75384K, committed 76224K, reserved 557056K
  class space    used 10549K, committed 10944K, reserved 425984K
}
Event: 15.576 GC heap after
{Heap after GC invocations=24 (full 0):
 garbage-first heap   total 169984K, used 76630K [0x0000000700000000, 0x0000000800000000)
  region size 2048K, 4 young (8192K), 4 survivors (8192K)
 Metaspace       used 75384K, committed 76224K, reserved 557056K
  class space    used 10549K, committed 10944K, reserved 425984K
}
Event: 17.217 GC heap before
{Heap before GC invocations=24 (full 0):
 garbage-first heap   total 169984K, used 129878K [0x0000000700000000, 0x0000000800000000)
  region size 2048K, 31 young (63488K), 4 survivors (8192K)
 Metaspace       used 77390K, committed 78336K, reserved 557056K
  class space    used 10761K, committed 11200K, reserved 425984K
}
Event: 17.229 GC heap after
{Heap after GC invocations=25 (full 0):
 garbage-first heap   total 169984K, used 82796K [0x0000000700000000, 0x0000000800000000)
  region size 2048K, 4 young (8192K), 4 survivors (8192K)
 Metaspace       used 77390K, committed 78336K, reserved 557056K
  class space    used 10761K, committed 11200K, reserved 425984K
}
Event: 19.597 GC heap before
{Heap before GC invocations=25 (full 0):
 garbage-first heap   total 169984K, used 131948K [0x0000000700000000, 0x0000000800000000)
  region size 2048K, 29 young (59392K), 4 survivors (8192K)
 Metaspace       used 77671K, committed 78592K, reserved 557056K
  class space    used 10763K, committed 11200K, reserved 425984K
}
Event: 19.607 GC heap after
{Heap after GC invocations=26 (full 0):
 garbage-first heap   total 169984K, used 85236K [0x0000000700000000, 0x0000000800000000)
  region size 2048K, 2 young (4096K), 2 survivors (4096K)
 Metaspace       used 77671K, committed 78592K, reserved 557056K
  class space    used 10763K, committed 11200K, reserved 425984K
}
Event: 20.017 GC heap before
{Heap before GC invocations=26 (full 0):
 garbage-first heap   total 169984K, used 132340K [0x0000000700000000, 0x0000000800000000)
  region size 2048K, 26 young (53248K), 2 survivors (4096K)
 Metaspace       used 77686K, committed 78592K, reserved 557056K
  class space    used 10763K, committed 11200K, reserved 425984K
}
Event: 20.023 GC heap after
{Heap after GC invocations=27 (full 0):
 garbage-first heap   total 169984K, used 85883K [0x0000000700000000, 0x0000000800000000)
  region size 2048K, 3 young (6144K), 3 survivors (6144K)
 Metaspace       used 77686K, committed 78592K, reserved 557056K
  class space    used 10763K, committed 11200K, reserved 425984K
}

